<?xml version="1.0" encoding="UTF-8"?>
<!-- Generated by org.testng.reporters.JUnitXMLReporter -->
<testsuite hostname="Kabirs-MacBook-Air.local" ignored="0" name="Regression" tests="4" failures="0" timestamp="2019-12-12T19:42:01 CST" time="0.06" errors="0">
  <testcase name="androidTest" time="0.007" classname="KabirProject.AppiumTest"/>
  <testcase name="nativeiOSTest" time="0.001" classname="KabirProject.AppiumTest"/>
  <testcase name="RESTAPIauto" time="0.0" classname="KabirProject.RESTAPITest"/>
  <testcase name="seleniumTestauto" time="0.001" classname="KabirProject.SeleniumTest"/>
</testsuite> <!-- Regression -->
