<?xml version="1.0" encoding="UTF-8"?>
<!-- Generated by org.testng.reporters.JUnitXMLReporter -->
<testsuite hostname="Kabirs-MacBook-Air.local" ignored="0" name="Smoke" tests="3" failures="0" timestamp="2019-12-12T19:41:26 CST" time="0.095" errors="0">
  <testcase name="androidTest" time="0.011" classname="KabirProject.AppiumTest"/>
  <testcase name="nativeiOSTest" time="0.0" classname="KabirProject.AppiumTest"/>
  <testcase name="RESTAPIauto" time="0.0" classname="KabirProject.RESTAPITest"/>
</testsuite> <!-- Smoke -->
